<?xml version="1.0" encoding="UTF-8"?>
<!-- Generated by org.testng.reporters.JUnitReportReporter -->
<testsuite skipped="0" hostname="MAJETI" name="kalyan.account.twitter_TestCases" tests="1" failures="0" timestamp="12 Nov 2018 16:26:55 GMT" time="5.428" errors="0">
  <testcase name="getTimeLines" time="5.428" classname="kalyan.account.twitter_TestCases"/>
</testsuite> <!-- kalyan.account.twitter_TestCases -->
