<?xml version="1.0" encoding="UTF-8"?>
<!-- Generated by org.testng.reporters.JUnitReportReporter -->
<testsuite skipped="0" hostname="MAJETI" name="kalyan.account.basics9" tests="1" failures="0" timestamp="12 Nov 2018 16:37:26 GMT" time="7.265" errors="0">
  <testcase name="getLatestTweet" time="7.265" classname="kalyan.account.basics9"/>
</testsuite> <!-- kalyan.account.basics9 -->
