<?xml version="1.0" encoding="UTF-8"?>
<!-- Generated by org.testng.reporters.JUnitReportReporter -->
<testsuite skipped="0" hostname="MAJETI" name="kalyan.account.JiraProject" tests="2" failures="0" timestamp="14 Nov 2018 19:23:02 GMT" time="4.073" errors="0">
  <testcase name="loadProperties" time="0.140" classname="kalyan.account.JiraProject"/>
  <testcase name="createSessionID" time="3.933" classname="kalyan.account.JiraProject"/>
</testsuite> <!-- kalyan.account.JiraProject -->
